#
# There is insufficient memory for the Java Runtime Environment to continue.
# Native memory allocation (malloc) failed to allocate 1805776 bytes. Error detail: Chunk::new
# Possible reasons:
#   The system is out of physical RAM or swap space
#   This process is running with CompressedOops enabled, and the Java Heap may be blocking the growth of the native heap
# Possible solutions:
#   Reduce memory load on the system
#   Increase physical memory or swap space
#   Check if swap backing store is full
#   Decrease Java heap size (-Xmx/-Xms)
#   Decrease number of Java threads
#   Decrease Java thread stack sizes (-Xss)
#   Set larger code cache with -XX:ReservedCodeCacheSize=
#   JVM is running with Unscaled Compressed Oops mode in which the Java heap is
#     placed in the first 4GB address space. The Java Heap base address is the
#     maximum limit for the native heap growth. Please use -XX:HeapBaseMinAddress
#     to set the Java Heap base and to place the Java Heap above 4GB virtual address.
# This output file may be truncated or incomplete.
#
#  Out of Memory Error (arena.cpp:168), pid=16696, tid=11508
#
# JRE version: OpenJDK Runtime Environment (21.0.7) (build 21.0.7+-13880790-b1038.58)
# Java VM: OpenJDK 64-Bit Server VM (21.0.7+-13880790-b1038.58, mixed mode, tiered, compressed oops, compressed class ptrs, g1 gc, windows-amd64)
# No core dump will be written. Minidumps are not enabled by default on client versions of Windows
#

---------------  S U M M A R Y ------------

Command Line: --add-opens=java.base/java.lang=ALL-UNNAMED --add-opens=java.base/java.lang.invoke=ALL-UNNAMED --add-opens=java.base/java.util=ALL-UNNAMED --add-opens=java.prefs/java.util.prefs=ALL-UNNAMED --add-exports=jdk.compiler/com.sun.tools.javac.api=ALL-UNNAMED --add-exports=jdk.compiler/com.sun.tools.javac.util=ALL-UNNAMED --add-opens=java.base/java.util=ALL-UNNAMED --add-opens=java.prefs/java.util.prefs=ALL-UNNAMED --add-opens=java.base/java.nio.charset=ALL-UNNAMED --add-opens=java.base/java.net=ALL-UNNAMED --add-opens=java.base/java.util.concurrent.atomic=ALL-UNNAMED --add-opens=java.xml/javax.xml.namespace=ALL-UNNAMED -Xmx2048m -Dfile.encoding=UTF-8 -Duser.country=MX -Duser.language=es -Duser.variant -javaagent:C:\Users\COMTEC\.gradle\wrapper\dists\gradle-8.13-bin\5xuhj0ry160q40clulazy9h7d\gradle-8.13\lib\agents\gradle-instrumentation-agent-8.13.jar org.gradle.launcher.daemon.bootstrap.GradleDaemon 8.13

Host: AMD Ryzen 3 4300U with Radeon Graphics         , 4 cores, 3G,  Windows 11 , 64 bit Build 22000 (10.0.22000.2538)
Time: Thu Sep 25 01:59:48 2025 Hora est. Pacífico, Sudamérica elapsed time: 15.867993 seconds (0d 0h 0m 15s)

---------------  T H R E A D  ---------------

Current thread (0x0000028830029c70):  JavaThread "C2 CompilerThread0" daemon [_thread_in_native, id=11508, stack(0x000000d28d300000,0x000000d28d400000) (1024K)]


Current CompileTask:
C2:15868 2755   !   4       java.lang.ClassLoader::loadClass (121 bytes)

Stack: [0x000000d28d300000,0x000000d28d400000]
Native frames: (J=compiled Java code, j=interpreted, Vv=VM code, C=native code)
V  [jvm.dll+0x6d25c9]
V  [jvm.dll+0x860923]
V  [jvm.dll+0x862e7e]
V  [jvm.dll+0x863563]
V  [jvm.dll+0x27f156]
V  [jvm.dll+0xc002d]
V  [jvm.dll+0xc0563]
V  [jvm.dll+0x3b6d3b]
V  [jvm.dll+0x1de922]
V  [jvm.dll+0x247fc4]
V  [jvm.dll+0x247441]
V  [jvm.dll+0x1c5fb4]
V  [jvm.dll+0x256bac]
V  [jvm.dll+0x2550f6]
V  [jvm.dll+0x3f1d16]
V  [jvm.dll+0x808d08]
V  [jvm.dll+0x6d0e1d]
C  [ucrtbase.dll+0x26c0c]
C  [KERNEL32.DLL+0x153e0]
C  [ntdll.dll+0x485b]


---------------  P R O C E S S  ---------------

Threads class SMR info:
_java_thread_list=0x0000028831fd85c0, length=24, elements={
0x0000028814eeeb60, 0x000002882bd77a70, 0x000002882bd7e6d0, 0x0000028830009470,
0x000002882bd7a1c0, 0x000002882bd7ac20, 0x000002882bd7b680, 0x0000028830022ec0,
0x0000028830029c70, 0x000002883002f6e0, 0x00000288303b0630, 0x0000028831c57830,
0x0000028830dd1ac0, 0x0000028830217e10, 0x00000288302170f0, 0x0000028830219ee0,
0x00000288302184a0, 0x0000028830216a60, 0x0000028830218b30, 0x00000288302191c0,
0x0000028830219850, 0x0000028831f5f590, 0x0000028831f602b0, 0x0000028831f5ce30
}

Java Threads: ( => current thread )
  0x0000028814eeeb60 JavaThread "main"                              [_thread_blocked, id=24120, stack(0x000000d28c400000,0x000000d28c500000) (1024K)]
  0x000002882bd77a70 JavaThread "Common-Cleaner"             daemon [_thread_blocked, id=25444, stack(0x000000d28cc00000,0x000000d28cd00000) (1024K)]
  0x000002882bd7e6d0 JavaThread "Reference Handler"          daemon [_thread_blocked, id=23672, stack(0x000000d28cd00000,0x000000d28ce00000) (1024K)]
  0x0000028830009470 JavaThread "Finalizer"                  daemon [_thread_blocked, id=8792, stack(0x000000d28ce00000,0x000000d28cf00000) (1024K)]
  0x000002882bd7a1c0 JavaThread "Signal Dispatcher"          daemon [_thread_blocked, id=24756, stack(0x000000d28cf00000,0x000000d28d000000) (1024K)]
  0x000002882bd7ac20 JavaThread "Attach Listener"            daemon [_thread_blocked, id=18756, stack(0x000000d28d000000,0x000000d28d100000) (1024K)]
  0x000002882bd7b680 JavaThread "Service Thread"             daemon [_thread_blocked, id=8256, stack(0x000000d28d100000,0x000000d28d200000) (1024K)]
  0x0000028830022ec0 JavaThread "Monitor Deflation Thread"   daemon [_thread_blocked, id=16104, stack(0x000000d28d200000,0x000000d28d300000) (1024K)]
=>0x0000028830029c70 JavaThread "C2 CompilerThread0"         daemon [_thread_in_native, id=11508, stack(0x000000d28d300000,0x000000d28d400000) (1024K)]
  0x000002883002f6e0 JavaThread "C1 CompilerThread0"         daemon [_thread_blocked, id=13684, stack(0x000000d28d400000,0x000000d28d500000) (1024K)]
  0x00000288303b0630 JavaThread "Notification Thread"        daemon [_thread_blocked, id=16320, stack(0x000000d28d500000,0x000000d28d600000) (1024K)]
  0x0000028831c57830 JavaThread "Daemon health stats"               [_thread_blocked, id=21992, stack(0x000000d28d900000,0x000000d28da00000) (1024K)]
  0x0000028830dd1ac0 JavaThread "Incoming local TCP Connector on port 51092"        [_thread_in_native, id=18120, stack(0x000000d28da00000,0x000000d28db00000) (1024K)]
  0x0000028830217e10 JavaThread "Daemon periodic checks"            [_thread_blocked, id=22236, stack(0x000000d28db00000,0x000000d28dc00000) (1024K)]
  0x00000288302170f0 JavaThread "Daemon"                            [_thread_blocked, id=6972, stack(0x000000d28dc00000,0x000000d28dd00000) (1024K)]
  0x0000028830219ee0 JavaThread "Handler for socket connection from /127.0.0.1:51092 to /127.0.0.1:51093"        [_thread_in_native, id=23104, stack(0x000000d28dd00000,0x000000d28de00000) (1024K)]
  0x00000288302184a0 JavaThread "Cancel handler"                    [_thread_blocked, id=12196, stack(0x000000d28de00000,0x000000d28df00000) (1024K)]
  0x0000028830216a60 JavaThread "Daemon worker"                     [_thread_in_Java, id=17156, stack(0x000000d28df00000,0x000000d28e000000) (1024K)]
  0x0000028830218b30 JavaThread "Asynchronous log dispatcher for DefaultDaemonConnection: socket connection from /127.0.0.1:51092 to /127.0.0.1:51093"        [_thread_blocked, id=8188, stack(0x000000d28e000000,0x000000d28e100000) (1024K)]
  0x00000288302191c0 JavaThread "Stdin handler"                     [_thread_blocked, id=21132, stack(0x000000d28e100000,0x000000d28e200000) (1024K)]
  0x0000028830219850 JavaThread "Daemon client event forwarder"        [_thread_blocked, id=25064, stack(0x000000d28e200000,0x000000d28e300000) (1024K)]
  0x0000028831f5f590 JavaThread "Cache worker for journal cache (C:\Users\COMTEC\.gradle\caches\journal-1)"        [_thread_blocked, id=23512, stack(0x000000d28e300000,0x000000d28e400000) (1024K)]
  0x0000028831f602b0 JavaThread "File lock request listener"        [_thread_in_native, id=21392, stack(0x000000d28e400000,0x000000d28e500000) (1024K)]
  0x0000028831f5ce30 JavaThread "Cache worker for file hash cache (C:\Users\COMTEC\.gradle\caches\8.13\fileHashes)"        [_thread_blocked, id=17640, stack(0x000000d28e500000,0x000000d28e600000) (1024K)]
Total: 24

Other Threads:
  0x000002882bce0030 VMThread "VM Thread"                           [id=24072, stack(0x000000d28cb00000,0x000000d28cc00000) (1024K)]
  0x000002882bc9d330 WatcherThread "VM Periodic Task Thread"        [id=4548, stack(0x000000d28ca00000,0x000000d28cb00000) (1024K)]
  0x0000028812cae030 WorkerThread "GC Thread#0"                     [id=25384, stack(0x000000d28c500000,0x000000d28c600000) (1024K)]
  0x0000028830410820 WorkerThread "GC Thread#1"                     [id=5080, stack(0x000000d28d600000,0x000000d28d700000) (1024K)]
  0x0000028830426290 WorkerThread "GC Thread#2"                     [id=23808, stack(0x000000d28d700000,0x000000d28d800000) (1024K)]
  0x0000028830bcb370 WorkerThread "GC Thread#3"                     [id=19860, stack(0x000000d28d800000,0x000000d28d900000) (1024K)]
  0x0000028814f535d0 ConcurrentGCThread "G1 Main Marker"            [id=3644, stack(0x000000d28c600000,0x000000d28c700000) (1024K)]
  0x0000028814f54050 WorkerThread "G1 Conc#0"                       [id=21748, stack(0x000000d28c700000,0x000000d28c800000) (1024K)]
  0x0000028814faca30 ConcurrentGCThread "G1 Refine#0"               [id=19344, stack(0x000000d28c800000,0x000000d28c900000) (1024K)]
  0x0000028814fadc40 ConcurrentGCThread "G1 Service"                [id=25192, stack(0x000000d28c900000,0x000000d28ca00000) (1024K)]
Total: 10

Threads with active compile tasks:
C2 CompilerThread0  15935 2755   !   4       java.lang.ClassLoader::loadClass (121 bytes)
Total: 1

VM state: not at safepoint (normal execution)

VM Mutex/Monitor currently owned by a thread: None

Heap address: 0x0000000080000000, size: 2048 MB, Compressed Oops mode: 32-bit

CDS archive(s) not mapped
Compressed class space mapped at: 0x0000000100000000-0x0000000140000000, reserved size: 1073741824
Narrow klass base: 0x0000000000000000, Narrow klass shift: 3, Narrow klass range: 0x140000000

GC Precious Log:
 CardTable entry size: 512
 Card Set container configuration: InlinePtr #cards 5 size 8 Array Of Cards #cards 12 size 40 Howl #buckets 4 coarsen threshold 1843 Howl Bitmap #cards 512 size 80 coarsen threshold 460 Card regions per heap region 1 cards per card region 2048
 CPUs: 4 total, 4 available
 Memory: 3445M
 Large Page Support: Disabled
 NUMA Support: Disabled
 Compressed Oops: Enabled (32-bit)
 Heap Region Size: 1M
 Heap Min Capacity: 8M
 Heap Initial Capacity: 54M
 Heap Max Capacity: 2G
 Pre-touch: Disabled
 Parallel Workers: 4
 Concurrent Workers: 1
 Concurrent Refinement Workers: 4
 Periodic GC: Disabled

Heap:
 garbage-first heap   total 55296K, used 21838K [0x0000000080000000, 0x0000000100000000)
  region size 1024K, 3 young (3072K), 2 survivors (2048K)
 Metaspace       used 25779K, committed 26240K, reserved 1114112K
  class space    used 3149K, committed 3392K, reserved 1048576K

Heap Regions: E=young(eden), S=young(survivor), O=old, HS=humongous(starts), HC=humongous(continues), CS=collection set, F=free, TAMS=top-at-mark-start, PB=parsable bottom
|   0|0x0000000080000000, 0x0000000080100000, 0x0000000080100000|100%|HS|  |TAMS 0x0000000080000000| PB 0x0000000080000000| Complete 
|   1|0x0000000080100000, 0x0000000080200000, 0x0000000080200000|100%|HC|  |TAMS 0x0000000080100000| PB 0x0000000080100000| Complete 
|   2|0x0000000080200000, 0x0000000080300000, 0x0000000080300000|100%|HC|  |TAMS 0x0000000080200000| PB 0x0000000080200000| Complete 
|   3|0x0000000080300000, 0x0000000080400000, 0x0000000080400000|100%| O|Cm|TAMS 0x0000000080300000| PB 0x0000000080300000| Complete 
|   4|0x0000000080400000, 0x0000000080500000, 0x0000000080500000|100%| O|  |TAMS 0x0000000080400000| PB 0x0000000080400000| Untracked 
|   5|0x0000000080500000, 0x0000000080600000, 0x0000000080600000|100%| O|  |TAMS 0x0000000080500000| PB 0x0000000080500000| Untracked 
|   6|0x0000000080600000, 0x0000000080700000, 0x0000000080700000|100%| O|  |TAMS 0x0000000080600000| PB 0x0000000080600000| Untracked 
|   7|0x0000000080700000, 0x0000000080800000, 0x0000000080800000|100%| O|  |TAMS 0x0000000080700000| PB 0x0000000080700000| Untracked 
|   8|0x0000000080800000, 0x0000000080900000, 0x0000000080900000|100%| O|  |TAMS 0x0000000080800000| PB 0x0000000080800000| Untracked 
|   9|0x0000000080900000, 0x0000000080a00000, 0x0000000080a00000|100%| O|  |TAMS 0x0000000080900000| PB 0x0000000080900000| Untracked 
|  10|0x0000000080a00000, 0x0000000080b00000, 0x0000000080b00000|100%| O|  |TAMS 0x0000000080a00000| PB 0x0000000080a00000| Untracked 
|  11|0x0000000080b00000, 0x0000000080c00000, 0x0000000080c00000|100%|HS|  |TAMS 0x0000000080b00000| PB 0x0000000080b00000| Complete 
|  12|0x0000000080c00000, 0x0000000080d00000, 0x0000000080d00000|100%| O|  |TAMS 0x0000000080c00000| PB 0x0000000080c00000| Untracked 
|  13|0x0000000080d00000, 0x0000000080e00000, 0x0000000080e00000|100%| O|  |TAMS 0x0000000080d00000| PB 0x0000000080d00000| Untracked 
|  14|0x0000000080e00000, 0x0000000080f00000, 0x0000000080f00000|100%| O|  |TAMS 0x0000000080e00000| PB 0x0000000080e00000| Untracked 
|  15|0x0000000080f00000, 0x0000000081000000, 0x0000000081000000|100%| O|  |TAMS 0x0000000080f00000| PB 0x0000000080f00000| Untracked 
|  16|0x0000000081000000, 0x0000000081100000, 0x0000000081100000|100%| O|  |TAMS 0x0000000081000000| PB 0x0000000081000000| Untracked 
|  17|0x0000000081100000, 0x0000000081200000, 0x0000000081200000|100%| O|  |TAMS 0x0000000081100000| PB 0x0000000081100000| Untracked 
|  18|0x0000000081200000, 0x0000000081300000, 0x0000000081300000|100%| O|  |TAMS 0x0000000081200000| PB 0x0000000081200000| Untracked 
|  19|0x0000000081300000, 0x00000000813acf90, 0x0000000081400000| 67%| O|  |TAMS 0x0000000081300000| PB 0x0000000081300000| Untracked 
|  20|0x0000000081400000, 0x0000000081400000, 0x0000000081500000|  0%| F|  |TAMS 0x0000000081400000| PB 0x0000000081400000| Untracked 
|  21|0x0000000081500000, 0x0000000081500000, 0x0000000081600000|  0%| F|  |TAMS 0x0000000081500000| PB 0x0000000081500000| Untracked 
|  22|0x0000000081600000, 0x0000000081600000, 0x0000000081700000|  0%| F|  |TAMS 0x0000000081600000| PB 0x0000000081600000| Untracked 
|  23|0x0000000081700000, 0x0000000081700000, 0x0000000081800000|  0%| F|  |TAMS 0x0000000081700000| PB 0x0000000081700000| Untracked 
|  24|0x0000000081800000, 0x0000000081800000, 0x0000000081900000|  0%| F|  |TAMS 0x0000000081800000| PB 0x0000000081800000| Untracked 
|  25|0x0000000081900000, 0x0000000081900000, 0x0000000081a00000|  0%| F|  |TAMS 0x0000000081900000| PB 0x0000000081900000| Untracked 
|  26|0x0000000081a00000, 0x0000000081a00000, 0x0000000081b00000|  0%| F|  |TAMS 0x0000000081a00000| PB 0x0000000081a00000| Untracked 
|  27|0x0000000081b00000, 0x0000000081b00000, 0x0000000081c00000|  0%| F|  |TAMS 0x0000000081b00000| PB 0x0000000081b00000| Untracked 
|  28|0x0000000081c00000, 0x0000000081ca6b60, 0x0000000081d00000| 65%| S|CS|TAMS 0x0000000081c00000| PB 0x0000000081c00000| Complete 
|  29|0x0000000081d00000, 0x0000000081e00000, 0x0000000081e00000|100%| S|CS|TAMS 0x0000000081d00000| PB 0x0000000081d00000| Complete 
|  30|0x0000000081e00000, 0x0000000081e00000, 0x0000000081f00000|  0%| F|  |TAMS 0x0000000081e00000| PB 0x0000000081e00000| Untracked 
|  31|0x0000000081f00000, 0x0000000081f00000, 0x0000000082000000|  0%| F|  |TAMS 0x0000000081f00000| PB 0x0000000081f00000| Untracked 
|  32|0x0000000082000000, 0x0000000082000000, 0x0000000082100000|  0%| F|  |TAMS 0x0000000082000000| PB 0x0000000082000000| Untracked 
|  33|0x0000000082100000, 0x0000000082100000, 0x0000000082200000|  0%| F|  |TAMS 0x0000000082100000| PB 0x0000000082100000| Untracked 
|  34|0x0000000082200000, 0x0000000082200000, 0x0000000082300000|  0%| F|  |TAMS 0x0000000082200000| PB 0x0000000082200000| Untracked 
|  35|0x0000000082300000, 0x0000000082300000, 0x0000000082400000|  0%| F|  |TAMS 0x0000000082300000| PB 0x0000000082300000| Untracked 
|  36|0x0000000082400000, 0x0000000082400000, 0x0000000082500000|  0%| F|  |TAMS 0x0000000082400000| PB 0x0000000082400000| Untracked 
|  37|0x0000000082500000, 0x0000000082500000, 0x0000000082600000|  0%| F|  |TAMS 0x0000000082500000| PB 0x0000000082500000| Untracked 
|  38|0x0000000082600000, 0x0000000082600000, 0x0000000082700000|  0%| F|  |TAMS 0x0000000082600000| PB 0x0000000082600000| Untracked 
|  39|0x0000000082700000, 0x0000000082700000, 0x0000000082800000|  0%| F|  |TAMS 0x0000000082700000| PB 0x0000000082700000| Untracked 
|  40|0x0000000082800000, 0x0000000082800000, 0x0000000082900000|  0%| F|  |TAMS 0x0000000082800000| PB 0x0000000082800000| Untracked 
|  41|0x0000000082900000, 0x0000000082900000, 0x0000000082a00000|  0%| F|  |TAMS 0x0000000082900000| PB 0x0000000082900000| Untracked 
|  42|0x0000000082a00000, 0x0000000082a00000, 0x0000000082b00000|  0%| F|  |TAMS 0x0000000082a00000| PB 0x0000000082a00000| Untracked 
|  43|0x0000000082b00000, 0x0000000082b00000, 0x0000000082c00000|  0%| F|  |TAMS 0x0000000082b00000| PB 0x0000000082b00000| Untracked 
|  44|0x0000000082c00000, 0x0000000082c00000, 0x0000000082d00000|  0%| F|  |TAMS 0x0000000082c00000| PB 0x0000000082c00000| Untracked 
|  45|0x0000000082d00000, 0x0000000082d00000, 0x0000000082e00000|  0%| F|  |TAMS 0x0000000082d00000| PB 0x0000000082d00000| Untracked 
|  46|0x0000000082e00000, 0x0000000082e00000, 0x0000000082f00000|  0%| F|  |TAMS 0x0000000082e00000| PB 0x0000000082e00000| Untracked 
|  47|0x0000000082f00000, 0x0000000082f00000, 0x0000000083000000|  0%| F|  |TAMS 0x0000000082f00000| PB 0x0000000082f00000| Untracked 
|  48|0x0000000083000000, 0x0000000083000000, 0x0000000083100000|  0%| F|  |TAMS 0x0000000083000000| PB 0x0000000083000000| Untracked 
|  49|0x0000000083100000, 0x0000000083100000, 0x0000000083200000|  0%| F|  |TAMS 0x0000000083100000| PB 0x0000000083100000| Untracked 
|  50|0x0000000083200000, 0x0000000083200000, 0x0000000083300000|  0%| F|  |TAMS 0x0000000083200000| PB 0x0000000083200000| Untracked 
|  51|0x0000000083300000, 0x0000000083300000, 0x0000000083400000|  0%| F|  |TAMS 0x0000000083300000| PB 0x0000000083300000| Untracked 
|  52|0x0000000083400000, 0x0000000083400000, 0x0000000083500000|  0%| F|  |TAMS 0x0000000083400000| PB 0x0000000083400000| Untracked 
|  53|0x0000000083500000, 0x0000000083600000, 0x0000000083600000|100%| E|  |TAMS 0x0000000083500000| PB 0x0000000083500000| Complete 

Card table byte_map: [0x0000028827450000,0x0000028827850000] _byte_map_base: 0x0000028827050000

Marking Bits: (CMBitMap*) 0x0000028812cae630
 Bits: [0x0000028827850000, 0x0000028829850000)

Polling page: 0x00000288146c0000

Metaspace:

Usage:
  Non-class:     22.10 MB used.
      Class:      3.08 MB used.
       Both:     25.18 MB used.

Virtual space:
  Non-class space:       64.00 MB reserved,      22.31 MB ( 35%) committed,  1 nodes.
      Class space:        1.00 GB reserved,       3.31 MB ( <1%) committed,  1 nodes.
             Both:        1.06 GB reserved,      25.62 MB (  2%) committed. 

Chunk freelists:
   Non-Class:  9.20 MB
       Class:  12.75 MB
        Both:  21.94 MB

MaxMetaspaceSize: unlimited
CompressedClassSpaceSize: 1.00 GB
Initial GC threshold: 21.00 MB
Current GC threshold: 35.12 MB
CDS: off
 - commit_granule_bytes: 65536.
 - commit_granule_words: 8192.
 - virtual_space_node_default_size: 8388608.
 - enlarge_chunks_in_place: 1.
 - use_allocation_guard: 0.


Internal statistics:

num_allocs_failed_limit: 3.
num_arena_births: 520.
num_arena_deaths: 0.
num_vsnodes_births: 2.
num_vsnodes_deaths: 0.
num_space_committed: 410.
num_space_uncommitted: 0.
num_chunks_returned_to_freelist: 3.
num_chunks_taken_from_freelist: 1074.
num_chunk_merges: 3.
num_chunk_splits: 706.
num_chunks_enlarged: 499.
num_inconsistent_stats: 0.

CodeHeap 'non-profiled nmethods': size=120000Kb used=1350Kb max_used=1350Kb free=118649Kb
 bounds [0x000002881fb20000, 0x000002881fd90000, 0x0000028827050000]
CodeHeap 'profiled nmethods': size=120000Kb used=5637Kb max_used=5637Kb free=114362Kb
 bounds [0x0000028818050000, 0x00000288185e0000, 0x000002881f580000]
CodeHeap 'non-nmethods': size=5760Kb used=1454Kb max_used=1460Kb free=4305Kb
 bounds [0x000002881f580000, 0x000002881f7f0000, 0x000002881fb20000]
 total_blobs=3368 nmethods=2811 adapters=461
 compilation: enabled
              stopped_count=0, restarted_count=0
 full_count=0

Compilation events (20 events):
Event: 15.819 Thread 0x000002883002f6e0 2798       3       java.lang.reflect.Method::setMethodAccessor (20 bytes)
Event: 15.819 Thread 0x000002883002f6e0 nmethod 2798 0x00000288185c4490 code [0x00000288185c4660, 0x00000288185c4920]
Event: 15.830 Thread 0x000002883002f6e0 2799       3       java.lang.reflect.Method::isVarArgs (5 bytes)
Event: 15.830 Thread 0x000002883002f6e0 nmethod 2799 0x00000288185c4a10 code [0x00000288185c4bc0, 0x00000288185c4d98]
Event: 15.855 Thread 0x000002883002f6e0 2800       3       com.google.common.collect.ImmutableList$Builder::getReadyToExpandTo (66 bytes)
Event: 15.855 Thread 0x000002883002f6e0 nmethod 2800 0x00000288185c4e90 code [0x00000288185c5080, 0x00000288185c54b0]
Event: 15.855 Thread 0x000002883002f6e0 2801       3       com.google.common.collect.ImmutableList$Builder::add (34 bytes)
Event: 15.856 Thread 0x000002883002f6e0 nmethod 2801 0x00000288185c5690 code [0x00000288185c5880, 0x00000288185c5cc8]
Event: 15.856 Thread 0x000002883002f6e0 2802       3       com.google.common.collect.ImmutableList$Builder::add (6 bytes)
Event: 15.856 Thread 0x000002883002f6e0 nmethod 2802 0x00000288185c5e90 code [0x00000288185c6040, 0x00000288185c6178]
Event: 15.857 Thread 0x000002883002f6e0 2803       3       org.gradle.internal.file.FilePathUtil::sizeOfCommonPrefix (142 bytes)
Event: 15.858 Thread 0x000002883002f6e0 nmethod 2803 0x00000288185c6210 code [0x00000288185c6640, 0x00000288185c8710]
Event: 15.858 Thread 0x000002883002f6e0 2804       3       org.gradle.internal.file.FileHierarchySet$Node::sizeOfCommonPrefix (10 bytes)
Event: 15.859 Thread 0x000002883002f6e0 nmethod 2804 0x00000288185c9410 code [0x00000288185c95c0, 0x00000288185c9758]
Event: 15.859 Thread 0x000002883002f6e0 2805       3       org.gradle.internal.file.FilePathUtil::sizeOfCommonPrefix (10 bytes)
Event: 15.859 Thread 0x000002883002f6e0 nmethod 2805 0x00000288185c9810 code [0x00000288185c99c0, 0x00000288185c9ae0]
Event: 15.859 Thread 0x000002883002f6e0 2806       3       org.gradle.internal.file.FileHierarchySet$Node::plusWithCommonPrefixLength (341 bytes)
Event: 15.861 Thread 0x000002883002f6e0 nmethod 2806 0x00000288185c9b90 code [0x00000288185ca1a0, 0x00000288185cd9c0]
Event: 15.862 Thread 0x000002883002f6e0 2807       3       java.lang.invoke.LambdaFormEditor$TransformKey::packedBytes (37 bytes)
Event: 15.862 Thread 0x000002883002f6e0 nmethod 2807 0x00000288185cee10 code [0x00000288185cefa0, 0x00000288185cf0b0]

GC Heap History (14 events):
Event: 0.870 GC heap before
{Heap before GC invocations=0 (full 0):
 garbage-first heap   total 55296K, used 13312K [0x0000000080000000, 0x0000000100000000)
  region size 1024K, 13 young (13312K), 0 survivors (0K)
 Metaspace       used 7504K, committed 7680K, reserved 1114112K
  class space    used 687K, committed 768K, reserved 1048576K
}
Event: 0.893 GC heap after
{Heap after GC invocations=1 (full 0):
 garbage-first heap   total 55296K, used 1280K [0x0000000080000000, 0x0000000100000000)
  region size 1024K, 2 young (2048K), 2 survivors (2048K)
 Metaspace       used 7504K, committed 7680K, reserved 1114112K
  class space    used 687K, committed 768K, reserved 1048576K
}
Event: 2.817 GC heap before
{Heap before GC invocations=1 (full 0):
 garbage-first heap   total 55296K, used 28928K [0x0000000080000000, 0x0000000100000000)
  region size 1024K, 27 young (27648K), 2 survivors (2048K)
 Metaspace       used 11355K, committed 11520K, reserved 1114112K
  class space    used 1206K, committed 1280K, reserved 1048576K
}
Event: 2.825 GC heap after
{Heap after GC invocations=2 (full 0):
 garbage-first heap   total 55296K, used 10627K [0x0000000080000000, 0x0000000100000000)
  region size 1024K, 4 young (4096K), 4 survivors (4096K)
 Metaspace       used 11355K, committed 11520K, reserved 1114112K
  class space    used 1206K, committed 1280K, reserved 1048576K
}
Event: 3.600 GC heap before
{Heap before GC invocations=2 (full 0):
 garbage-first heap   total 55296K, used 37251K [0x0000000080000000, 0x0000000100000000)
  region size 1024K, 31 young (31744K), 4 survivors (4096K)
 Metaspace       used 12363K, committed 12544K, reserved 1114112K
  class space    used 1318K, committed 1408K, reserved 1048576K
}
Event: 3.606 GC heap after
{Heap after GC invocations=3 (full 0):
 garbage-first heap   total 55296K, used 11421K [0x0000000080000000, 0x0000000100000000)
  region size 1024K, 1 young (1024K), 1 survivors (1024K)
 Metaspace       used 12363K, committed 12544K, reserved 1114112K
  class space    used 1318K, committed 1408K, reserved 1048576K
}
Event: 4.409 GC heap before
{Heap before GC invocations=3 (full 0):
 garbage-first heap   total 55296K, used 43165K [0x0000000080000000, 0x0000000100000000)
  region size 1024K, 30 young (30720K), 1 survivors (1024K)
 Metaspace       used 12420K, committed 12608K, reserved 1114112K
  class space    used 1319K, committed 1408K, reserved 1048576K
}
Event: 4.413 GC heap after
{Heap after GC invocations=4 (full 0):
 garbage-first heap   total 55296K, used 16187K [0x0000000080000000, 0x0000000100000000)
  region size 1024K, 4 young (4096K), 4 survivors (4096K)
 Metaspace       used 12420K, committed 12608K, reserved 1114112K
  class space    used 1319K, committed 1408K, reserved 1048576K
}
Event: 12.265 GC heap before
{Heap before GC invocations=4 (full 0):
 garbage-first heap   total 55296K, used 42811K [0x0000000080000000, 0x0000000100000000)
  region size 1024K, 30 young (30720K), 4 survivors (4096K)
 Metaspace       used 20027K, committed 20352K, reserved 1114112K
  class space    used 2303K, committed 2432K, reserved 1048576K
}
Event: 12.296 GC heap after
{Heap after GC invocations=5 (full 0):
 garbage-first heap   total 55296K, used 20114K [0x0000000080000000, 0x0000000100000000)
  region size 1024K, 4 young (4096K), 4 survivors (4096K)
 Metaspace       used 20027K, committed 20352K, reserved 1114112K
  class space    used 2303K, committed 2432K, reserved 1048576K
}
Event: 13.486 GC heap before
{Heap before GC invocations=5 (full 0):
 garbage-first heap   total 55296K, used 26258K [0x0000000080000000, 0x0000000100000000)
  region size 1024K, 11 young (11264K), 4 survivors (4096K)
 Metaspace       used 21222K, committed 21504K, reserved 1114112K
  class space    used 2479K, committed 2624K, reserved 1048576K
}
Event: 13.492 GC heap after
{Heap after GC invocations=6 (full 0):
 garbage-first heap   total 55296K, used 20939K [0x0000000080000000, 0x0000000100000000)
  region size 1024K, 1 young (1024K), 1 survivors (1024K)
 Metaspace       used 21222K, committed 21504K, reserved 1114112K
  class space    used 2479K, committed 2624K, reserved 1048576K
}
Event: 15.785 GC heap before
{Heap before GC invocations=7 (full 0):
 garbage-first heap   total 55296K, used 43467K [0x0000000080000000, 0x0000000100000000)
  region size 1024K, 24 young (24576K), 1 survivors (1024K)
 Metaspace       used 25647K, committed 26112K, reserved 1114112K
  class space    used 3125K, committed 3328K, reserved 1048576K
}
Event: 15.788 GC heap after
{Heap after GC invocations=8 (full 0):
 garbage-first heap   total 55296K, used 21838K [0x0000000080000000, 0x0000000100000000)
  region size 1024K, 2 young (2048K), 2 survivors (2048K)
 Metaspace       used 25647K, committed 26112K, reserved 1114112K
  class space    used 3125K, committed 3328K, reserved 1048576K
}

Dll operation events (3 events):
Event: 0.058 Loaded shared library C:\Program Files\Android\Android Studio\jbr\bin\java.dll
Event: 0.067 Loaded shared library C:\Program Files\Android\Android Studio\jbr\bin\zip.dll
Event: 1.790 Loaded shared library C:\Program Files\Android\Android Studio\jbr\bin\verify.dll

Deoptimization events (20 events):
Event: 14.042 Thread 0x0000028830216a60 DEOPT PACKING pc=0x000002881fc4d66c sp=0x000000d28dffcc00
Event: 14.042 Thread 0x0000028830216a60 DEOPT UNPACKING pc=0x000002881f5d46a2 sp=0x000000d28dffcb90 mode 2
Event: 14.226 Thread 0x0000028830216a60 Uncommon trap: trap_request=0xffffff45 fr.pc=0x000002881fc21258 relative=0x0000000000000478
Event: 14.226 Thread 0x0000028830216a60 Uncommon trap: reason=unstable_if action=reinterpret pc=0x000002881fc21258 method=java.util.HashMap.getNode(Ljava/lang/Object;)Ljava/util/HashMap$Node; @ 66 c2
Event: 14.226 Thread 0x0000028830216a60 DEOPT PACKING pc=0x000002881fc21258 sp=0x000000d28dffc620
Event: 14.226 Thread 0x0000028830216a60 DEOPT UNPACKING pc=0x000002881f5d46a2 sp=0x000000d28dffc540 mode 2
Event: 14.226 Thread 0x0000028830216a60 Uncommon trap: trap_request=0xffffffc6 fr.pc=0x000002881fc3e1cc relative=0x0000000000000f4c
Event: 14.226 Thread 0x0000028830216a60 Uncommon trap: reason=bimorphic_or_optimized_type_check action=maybe_recompile pc=0x000002881fc3e1cc method=java.util.HashMap.putVal(ILjava/lang/Object;Ljava/lang/Object;ZZ)Ljava/lang/Object; @ 91 c2
Event: 14.226 Thread 0x0000028830216a60 DEOPT PACKING pc=0x000002881fc3e1cc sp=0x000000d28dffc590
Event: 14.226 Thread 0x0000028830216a60 DEOPT UNPACKING pc=0x000002881f5d46a2 sp=0x000000d28dffc530 mode 2
Event: 14.226 Thread 0x0000028830216a60 Uncommon trap: trap_request=0xffffffc6 fr.pc=0x000002881fc3e1cc relative=0x0000000000000f4c
Event: 14.226 Thread 0x0000028830216a60 Uncommon trap: reason=bimorphic_or_optimized_type_check action=maybe_recompile pc=0x000002881fc3e1cc method=java.util.HashMap.putVal(ILjava/lang/Object;Ljava/lang/Object;ZZ)Ljava/lang/Object; @ 91 c2
Event: 14.226 Thread 0x0000028830216a60 DEOPT PACKING pc=0x000002881fc3e1cc sp=0x000000d28dffc590
Event: 14.226 Thread 0x0000028830216a60 DEOPT UNPACKING pc=0x000002881f5d46a2 sp=0x000000d28dffc530 mode 2
Event: 14.297 Thread 0x0000028830216a60 Uncommon trap: trap_request=0xffffff45 fr.pc=0x000002881fbb64ac relative=0x000000000000026c
Event: 14.297 Thread 0x0000028830216a60 Uncommon trap: reason=unstable_if action=reinterpret pc=0x000002881fbb64ac method=java.util.concurrent.ConcurrentHashMap.get(Ljava/lang/Object;)Ljava/lang/Object; @ 76 c2
Event: 14.297 Thread 0x0000028830216a60 DEOPT PACKING pc=0x000002881fbb64ac sp=0x000000d28dffbaf0
Event: 14.297 Thread 0x0000028830216a60 DEOPT UNPACKING pc=0x000002881f5d46a2 sp=0x000000d28dffba58 mode 2
Event: 15.647 Thread 0x0000028830216a60 DEOPT PACKING pc=0x000002881814f1d9 sp=0x000000d28dffa5c0
Event: 15.647 Thread 0x0000028830216a60 DEOPT UNPACKING pc=0x000002881f5d4e42 sp=0x000000d28dff9a58 mode 0

Classes loaded (20 events):
Event: 15.535 Loading class java/nio/file/attribute/PosixFilePermissions$1
Event: 15.535 Loading class java/nio/file/attribute/PosixFilePermissions$1 done
Event: 15.590 Loading class java/util/concurrent/ArrayBlockingQueue
Event: 15.592 Loading class java/util/concurrent/ArrayBlockingQueue done
Event: 15.592 Loading class java/util/concurrent/locks/ReentrantLock$FairSync
Event: 15.594 Loading class java/util/concurrent/locks/ReentrantLock$FairSync done
Event: 15.601 Loading class sun/misc/Unsafe
Event: 15.602 Loading class sun/misc/Unsafe done
Event: 15.611 Loading class java/net/DatagramPacket
Event: 15.612 Loading class java/net/DatagramPacket done
Event: 15.613 Loading class sun/nio/ch/DatagramChannelImpl$DatagramPackets
Event: 15.613 Loading class sun/nio/ch/DatagramChannelImpl$DatagramPackets done
Event: 15.741 Loading class sun/security/provider/MD5
Event: 15.742 Loading class sun/security/provider/MD5 done
Event: 15.743 Loading class sun/security/provider/SHA5$SHA512
Event: 15.744 Loading class sun/security/provider/SHA5
Event: 15.744 Loading class sun/security/provider/SHA5 done
Event: 15.744 Loading class sun/security/provider/SHA5$SHA512 done
Event: 15.751 Loading class sun/security/provider/ByteArrayAccess$LE
Event: 15.753 Loading class sun/security/provider/ByteArrayAccess$LE done

Classes unloaded (0 events):
No events

Classes redefined (0 events):
No events

Internal exceptions (20 events):
Event: 5.738 Thread 0x0000028814eeeb60 Exception <a 'java/lang/NoSuchMethodError'{0x000000008279f0d0}: 'java.lang.Object java.lang.invoke.DirectMethodHandle$Holder.invokeStatic(java.lang.Object, java.lang.Object, java.lang.Object, java.lang.Object, java.lang.Object, java.lang.Object, java.lang.Object, java.lang.Object, java.lang.Object, java.lang.Object, java.lang.Object, java.lang.Object, java.lang.Object, java.lang.Object)'> (0x000000008279f0d0) 
thrown [s\src\hotspot\share\interpreter\linkResolver.cpp, line 784]
Event: 5.741 Thread 0x0000028814eeeb60 Exception <a 'java/lang/NoSuchMethodError'{0x00000000827bfca0}: 'java.lang.Object java.lang.invoke.DirectMethodHandle$Holder.invokeStatic(java.lang.Object, java.lang.Object, java.lang.Object, java.lang.Object, java.lang.Object, java.lang.Object, java.lang.Object, java.lang.Object, java.lang.Object, java.lang.Object, java.lang.Object, java.lang.Object, java.lang.Object, java.lang.Object, java.lang.Object)'> (0x00000000827bfca0) 
thrown [s\src\hotspot\share\interpreter\linkResolver.cpp, line 784]
Event: 5.744 Thread 0x0000028814eeeb60 Exception <a 'java/lang/NoSuchMethodError'{0x00000000827e2870}: 'java.lang.Object java.lang.invoke.DirectMethodHandle$Holder.invokeStatic(java.lang.Object, java.lang.Object, java.lang.Object, java.lang.Object, java.lang.Object, java.lang.Object, java.lang.Object, java.lang.Object, java.lang.Object, java.lang.Object, java.lang.Object, java.lang.Object, java.lang.Object, java.lang.Object, java.lang.Object, java.lang.Object)'> (0x00000000827e2870) 
thrown [s\src\hotspot\share\interpreter\linkResolver.cpp, lin
Event: 6.150 Thread 0x0000028814eeeb60 Exception <a 'java/lang/NoSuchMethodError'{0x00000000824d1698}: 'java.lang.Object java.lang.invoke.DirectMethodHandle$Holder.invokeVirtual(java.lang.Object, java.lang.Object, java.lang.Object, java.lang.Object, java.lang.Object, java.lang.Object, java.lang.Object)'> (0x00000000824d1698) 
thrown [s\src\hotspot\share\interpreter\linkResolver.cpp, line 784]
Event: 6.180 Thread 0x0000028814eeeb60 Exception <a 'java/lang/NoSuchMethodError'{0x0000000082360e38}: 'java.lang.Object java.lang.invoke.DirectMethodHandle$Holder.invokeVirtual(java.lang.Object, java.lang.Object, java.lang.Object, java.lang.Object, java.lang.Object, java.lang.Object, java.lang.Object, java.lang.Object, java.lang.Object)'> (0x0000000082360e38) 
thrown [s\src\hotspot\share\interpreter\linkResolver.cpp, line 784]
Event: 6.885 Thread 0x0000028814eeeb60 Exception <a 'java/lang/NoSuchMethodError'{0x0000000082185908}: 'java.lang.Object java.lang.invoke.DirectMethodHandle$Holder.invokeStaticInit(java.lang.Object, java.lang.Object, int, int, int, int)'> (0x0000000082185908) 
thrown [s\src\hotspot\share\interpreter\linkResolver.cpp, line 784]
Event: 7.050 Thread 0x0000028814eeeb60 Exception <a 'java/io/IOException'{0x0000000081e2a758}> (0x0000000081e2a758) 
thrown [s\src\hotspot\share\prims\jni.cpp, line 537]
Event: 7.061 Thread 0x0000028814eeeb60 Implicit null exception at 0x000002881fbd6da4 to 0x000002881fbd73e8
Event: 7.074 Thread 0x0000028814eeeb60 Exception <a 'java/lang/NoSuchMethodError'{0x0000000081e9c618}: 'java.lang.Object java.lang.invoke.DirectMethodHandle$Holder.newInvokeSpecial(java.lang.Object, java.lang.Object, java.lang.Object, java.lang.Object, java.lang.Object)'> (0x0000000081e9c618) 
thrown [s\src\hotspot\share\interpreter\linkResolver.cpp, line 784]
Event: 12.913 Thread 0x00000288302170f0 Exception <a 'java/lang/NoSuchMethodError'{0x00000000833d4da8}: 'void java.lang.invoke.DirectMethodHandle$Holder.invokeSpecial(java.lang.Object, java.lang.Object, java.lang.Object)'> (0x00000000833d4da8) 
thrown [s\src\hotspot\share\interpreter\linkResolver.cpp, line 784]
Event: 13.550 Thread 0x0000028830216a60 Exception <a 'java/lang/NoSuchMethodError'{0x000000008356b1c0}: 'long java.lang.invoke.DirectMethodHandle$Holder.invokeInterface(java.lang.Object, java.lang.Object)'> (0x000000008356b1c0) 
thrown [s\src\hotspot\share\interpreter\linkResolver.cpp, line 784]
Event: 14.025 Thread 0x0000028830216a60 Exception <a 'java/lang/NoSuchMethodError'{0x00000000831e1680}: 'java.lang.Object java.lang.invoke.DirectMethodHandle$Holder.invokeVirtual(java.lang.Object, java.lang.Object, java.lang.Object, java.lang.Object, java.lang.Object, java.lang.Object, java.lang.Object, java.lang.Object, java.lang.Object, java.lang.Object, java.lang.Object, java.lang.Object)'> (0x00000000831e1680) 
thrown [s\src\hotspot\share\interpreter\linkResolver.cpp, line 784]
Event: 14.026 Thread 0x0000028830216a60 Exception <a 'java/lang/NoSuchMethodError'{0x00000000831e67d0}: 'java.lang.Object java.lang.invoke.DirectMethodHandle$Holder.invokeSpecial(java.lang.Object, java.lang.Object, java.lang.Object, java.lang.Object, java.lang.Object, java.lang.Object, java.lang.Object, java.lang.Object, java.lang.Object, java.lang.Object, java.lang.Object, java.lang.Object, java.lang.Object)'> (0x00000000831e67d0) 
thrown [s\src\hotspot\share\interpreter\linkResolver.cpp, line 784]
Event: 14.589 Thread 0x0000028830216a60 Exception <a 'java/lang/NoSuchMethodError'{0x0000000082b3b018}: 'java.lang.Object java.lang.invoke.DirectMethodHandle$Holder.newInvokeSpecial(java.lang.Object, java.lang.Object, java.lang.Object, java.lang.Object, java.lang.Object, java.lang.Object)'> (0x0000000082b3b018) 
thrown [s\src\hotspot\share\interpreter\linkResolver.cpp, line 784]
Event: 14.991 Thread 0x0000028830216a60 Exception <a 'java/lang/NoSuchMethodError'{0x000000008280eb78}: 'void java.lang.invoke.DelegatingMethodHandle$Holder.reinvoke_L(java.lang.Object, java.lang.Object, java.lang.Object, java.lang.Object, java.lang.Object, java.lang.Object, java.lang.Object, java.lang.Object, java.lang.Object, java.lang.Object)'> (0x000000008280eb78) 
thrown [s\src\hotspot\share\interpreter\linkResolver.cpp, line 784]
Event: 14.991 Thread 0x0000028830216a60 Exception <a 'java/lang/NoSuchMethodError'{0x00000000828168f0}: 'java.lang.Object java.lang.invoke.Invokers$Holder.invoker(java.lang.Object, java.lang.Object, java.lang.Object, java.lang.Object, java.lang.Object, java.lang.Object, java.lang.Object, java.lang.Object, java.lang.Object, java.lang.Object)'> (0x00000000828168f0) 
thrown [s\src\hotspot\share\interpreter\linkResolver.cpp, line 784]
Event: 15.539 Thread 0x0000028830216a60 Exception <a 'java/lang/NoSuchMethodError'{0x0000000082236410}: 'void java.lang.invoke.DirectMethodHandle$Holder.invokeInterface(java.lang.Object, java.lang.Object)'> (0x0000000082236410) 
thrown [s\src\hotspot\share\interpreter\linkResolver.cpp, line 784]
Event: 15.540 Thread 0x0000028830216a60 Exception <a 'java/lang/IncompatibleClassChangeError'{0x0000000082239b90}: Found class java.lang.Object, but interface was expected> (0x0000000082239b90) 
thrown [s\src\hotspot\share\interpreter\linkResolver.cpp, line 851]
Event: 15.597 Thread 0x0000028830216a60 Exception <a 'java/lang/NoSuchMethodError'{0x000000008215cf38}: 'java.lang.Object java.lang.invoke.DirectMethodHandle$Holder.newInvokeSpecial(java.lang.Object, java.lang.Object, int)'> (0x000000008215cf38) 
thrown [s\src\hotspot\share\interpreter\linkResolver.cpp, line 784]
Event: 15.785 Thread 0x0000028830216a60 Exception <a 'java/lang/NoSuchMethodError'{0x0000000081efcf38}: 'java.lang.Object java.lang.invoke.DirectMethodHandle$Holder.invokeVirtual(java.lang.Object, java.lang.Object, java.lang.Object, java.lang.Object, java.lang.Object, java.lang.Object, java.lang.Object, java.lang.Object)'> (0x0000000081efcf38) 
thrown [s\src\hotspot\share\interpreter\linkResolver.cpp, line 784]

ZGC Phase Switch (0 events):
No events

VM Operations (20 events):
Event: 11.510 Executing VM operation: Cleanup
Event: 11.510 Executing VM operation: Cleanup done
Event: 12.264 Executing VM operation: G1CollectForAllocation (G1 Evacuation Pause)
Event: 12.296 Executing VM operation: G1CollectForAllocation (G1 Evacuation Pause) done
Event: 13.311 Executing VM operation: Cleanup
Event: 13.325 Executing VM operation: Cleanup done
Event: 13.486 Executing VM operation: CollectForMetadataAllocation (Metadata GC Threshold)
Event: 13.493 Executing VM operation: CollectForMetadataAllocation (Metadata GC Threshold) done
Event: 13.512 Executing VM operation: G1PauseRemark
Event: 13.521 Executing VM operation: G1PauseRemark done
Event: 13.525 Executing VM operation: G1PauseCleanup
Event: 13.525 Executing VM operation: G1PauseCleanup done
Event: 14.530 Executing VM operation: Cleanup
Event: 14.530 Executing VM operation: Cleanup done
Event: 15.541 Executing VM operation: Cleanup
Event: 15.556 Executing VM operation: Cleanup done
Event: 15.595 Executing VM operation: HandshakeAllThreads (Deoptimize)
Event: 15.595 Executing VM operation: HandshakeAllThreads (Deoptimize) done
Event: 15.785 Executing VM operation: G1CollectForAllocation (G1 Evacuation Pause)
Event: 15.788 Executing VM operation: G1CollectForAllocation (G1 Evacuation Pause) done

Memory protections (0 events):
No events

Nmethod flushes (0 events):
No events

Events (20 events):
Event: 0.472 Thread 0x0000028814eeeb60 Thread added: 0x00000288303b0630
Event: 1.155 Loaded shared library C:\Program Files\Android\Android Studio\jbr\bin\jimage.dll
Event: 2.019 Loaded shared library C:\Users\COMTEC\.gradle\native\1def1411415f61bf3af743bc5b6707747c0891f09f0c88961ee8f79bc544acac\windows-amd64\native-platform.dll
Event: 2.054 Loaded shared library C:\Users\COMTEC\.gradle\native\0.2.7\x86_64-windows-gnu\gradle-fileevents.dll
Event: 5.593 Loaded shared library C:\Program Files\Android\Android Studio\jbr\bin\management.dll
Event: 5.618 Loaded shared library C:\Program Files\Android\Android Studio\jbr\bin\management_ext.dll
Event: 5.714 Thread 0x0000028814eeeb60 Thread added: 0x0000028831c57830
Event: 6.056 Loaded shared library C:\Program Files\Android\Android Studio\jbr\bin\extnet.dll
Event: 6.908 Thread 0x0000028814eeeb60 Thread added: 0x0000028830dd1ac0
Event: 7.082 Thread 0x0000028814eeeb60 Thread added: 0x0000028830217e10
Event: 12.308 Thread 0x0000028830dd1ac0 Thread added: 0x00000288302170f0
Event: 12.333 Thread 0x00000288302170f0 Thread added: 0x0000028830219ee0
Event: 12.843 Thread 0x00000288302170f0 Thread added: 0x00000288302184a0
Event: 12.916 Thread 0x00000288302170f0 Thread added: 0x0000028830216a60
Event: 13.020 Thread 0x0000028830216a60 Thread added: 0x0000028830218b30
Event: 13.081 Thread 0x0000028830216a60 Thread added: 0x00000288302191c0
Event: 13.088 Thread 0x0000028830216a60 Thread added: 0x0000028830219850
Event: 15.595 Thread 0x0000028830216a60 Thread added: 0x0000028831f5f590
Event: 15.610 Thread 0x0000028830216a60 Thread added: 0x0000028831f602b0
Event: 15.695 Thread 0x0000028830216a60 Thread added: 0x0000028831f5ce30


Dynamic libraries:
0x00007ff7d9b90000 - 0x00007ff7d9b9a000 	C:\Program Files\Android\Android Studio\jbr\bin\java.exe
0x00007ffedb360000 - 0x00007ffedb569000 	C:\WINDOWS\SYSTEM32\ntdll.dll
0x00007ffed9eb0000 - 0x00007ffed9f6d000 	C:\WINDOWS\System32\KERNEL32.DLL
0x00007ffed8a20000 - 0x00007ffed8da4000 	C:\WINDOWS\System32\KERNELBASE.dll
0x00007ffed8f20000 - 0x00007ffed9031000 	C:\WINDOWS\System32\ucrtbase.dll
0x00007ffeacf00000 - 0x00007ffeacf18000 	C:\Program Files\Android\Android Studio\jbr\bin\jli.dll
0x00007ffed5040000 - 0x00007ffed505b000 	C:\Program Files\Android\Android Studio\jbr\bin\VCRUNTIME140.dll
0x00007ffedaac0000 - 0x00007ffedac6d000 	C:\WINDOWS\System32\USER32.dll
0x00007ffed90e0000 - 0x00007ffed9106000 	C:\WINDOWS\System32\win32u.dll
0x00007ffed9180000 - 0x00007ffed91aa000 	C:\WINDOWS\System32\GDI32.dll
0x00007ffed87c0000 - 0x00007ffed88de000 	C:\WINDOWS\System32\gdi32full.dll
0x00007ffed9040000 - 0x00007ffed90dd000 	C:\WINDOWS\System32\msvcp_win.dll
0x00007ffec3cd0000 - 0x00007ffec3f75000 	C:\WINDOWS\WinSxS\amd64_microsoft.windows.common-controls_6595b64144ccf1df_6.0.22000.120_none_9d947278b86cc467\COMCTL32.dll
0x00007ffed9760000 - 0x00007ffed9803000 	C:\WINDOWS\System32\msvcrt.dll
0x00007ffedae50000 - 0x00007ffedae81000 	C:\WINDOWS\System32\IMM32.DLL
0x00007ffed5020000 - 0x00007ffed502c000 	C:\Program Files\Android\Android Studio\jbr\bin\vcruntime140_1.dll
0x00007ffe74380000 - 0x00007ffe7440d000 	C:\Program Files\Android\Android Studio\jbr\bin\msvcp140.dll
0x00007ffe63830000 - 0x00007ffe644be000 	C:\Program Files\Android\Android Studio\jbr\bin\server\jvm.dll
0x00007ffedada0000 - 0x00007ffedae4e000 	C:\WINDOWS\System32\ADVAPI32.dll
0x00007ffeda980000 - 0x00007ffedaa1e000 	C:\WINDOWS\System32\sechost.dll
0x00007ffedac70000 - 0x00007ffedad91000 	C:\WINDOWS\System32\RPCRT4.dll
0x00007ffed96f0000 - 0x00007ffed975f000 	C:\WINDOWS\System32\WS2_32.dll
0x00007ffed04c0000 - 0x00007ffed04ca000 	C:\WINDOWS\SYSTEM32\VERSION.dll
0x00007ffed0770000 - 0x00007ffed07a3000 	C:\WINDOWS\SYSTEM32\WINMM.dll
0x00007ffed8170000 - 0x00007ffed81bd000 	C:\WINDOWS\SYSTEM32\POWRPROF.dll
0x00007ffed80f0000 - 0x00007ffed8103000 	C:\WINDOWS\SYSTEM32\UMPDC.dll
0x00007ffed7830000 - 0x00007ffed7848000 	C:\WINDOWS\SYSTEM32\kernel.appcore.dll
0x00007ffed0c20000 - 0x00007ffed0c2a000 	C:\Program Files\Android\Android Studio\jbr\bin\jimage.dll
0x00007ffecc9b0000 - 0x00007ffeccbd1000 	C:\WINDOWS\SYSTEM32\DBGHELP.DLL
0x00007ffebe9c0000 - 0x00007ffebe9f1000 	C:\WINDOWS\SYSTEM32\dbgcore.DLL
0x00007ffed89a0000 - 0x00007ffed8a1f000 	C:\WINDOWS\System32\bcryptPrimitives.dll
0x00007ffeadb70000 - 0x00007ffeadb7e000 	C:\Program Files\Android\Android Studio\jbr\bin\instrument.dll
0x00007ffed0870000 - 0x00007ffed0890000 	C:\Program Files\Android\Android Studio\jbr\bin\java.dll
0x00007ffed0850000 - 0x00007ffed0868000 	C:\Program Files\Android\Android Studio\jbr\bin\zip.dll
0x00007ffed9f70000 - 0x00007ffeda735000 	C:\WINDOWS\System32\SHELL32.dll
0x00007ffed6870000 - 0x00007ffed70d2000 	C:\WINDOWS\SYSTEM32\windows.storage.dll
0x00007ffed9370000 - 0x00007ffed96e6000 	C:\WINDOWS\System32\combase.dll
0x00007ffed6700000 - 0x00007ffed6867000 	C:\WINDOWS\SYSTEM32\wintypes.dll
0x00007ffed91b0000 - 0x00007ffed929a000 	C:\WINDOWS\System32\SHCORE.dll
0x00007ffed9310000 - 0x00007ffed936d000 	C:\WINDOWS\System32\shlwapi.dll
0x00007ffed86f0000 - 0x00007ffed8715000 	C:\WINDOWS\SYSTEM32\profapi.dll
0x00007ffed0c10000 - 0x00007ffed0c20000 	C:\Program Files\Android\Android Studio\jbr\bin\net.dll
0x00007ffed1420000 - 0x00007ffed1534000 	C:\WINDOWS\SYSTEM32\WINHTTP.dll
0x00007ffed7d50000 - 0x00007ffed7db7000 	C:\WINDOWS\system32\mswsock.dll
0x00007ffece080000 - 0x00007ffece096000 	C:\Program Files\Android\Android Studio\jbr\bin\nio.dll
0x00007ffecd2b0000 - 0x00007ffecd2c0000 	C:\Program Files\Android\Android Studio\jbr\bin\verify.dll
0x00007ffe82d80000 - 0x00007ffe82da7000 	C:\Users\COMTEC\.gradle\native\1def1411415f61bf3af743bc5b6707747c0891f09f0c88961ee8f79bc544acac\windows-amd64\native-platform.dll
0x00007ffe73640000 - 0x00007ffe736b8000 	C:\Users\COMTEC\.gradle\native\0.2.7\x86_64-windows-gnu\gradle-fileevents.dll
0x00007ffed0a60000 - 0x00007ffed0a69000 	C:\Program Files\Android\Android Studio\jbr\bin\management.dll
0x00007ffed0820000 - 0x00007ffed082b000 	C:\Program Files\Android\Android Studio\jbr\bin\management_ext.dll
0x00007ffedaa20000 - 0x00007ffedaa28000 	C:\WINDOWS\System32\PSAPI.DLL
0x00007ffed7340000 - 0x00007ffed736d000 	C:\WINDOWS\SYSTEM32\IPHLPAPI.DLL
0x00007ffeda860000 - 0x00007ffeda869000 	C:\WINDOWS\System32\NSI.dll
0x00007ffed0bd0000 - 0x00007ffed0bd9000 	C:\Program Files\Android\Android Studio\jbr\bin\extnet.dll
0x00007ffed7f90000 - 0x00007ffed7fa8000 	C:\WINDOWS\SYSTEM32\CRYPTSP.dll
0x00007ffed7790000 - 0x00007ffed77c5000 	C:\WINDOWS\system32\rsaenh.dll
0x00007ffed7e40000 - 0x00007ffed7e6c000 	C:\WINDOWS\SYSTEM32\USERENV.dll
0x00007ffed8140000 - 0x00007ffed8167000 	C:\WINDOWS\SYSTEM32\bcrypt.dll
0x00007ffed7fb0000 - 0x00007ffed7fbc000 	C:\WINDOWS\SYSTEM32\CRYPTBASE.dll
0x00007ffeb13b0000 - 0x00007ffeb13b8000 	C:\WINDOWS\system32\wshunix.dll

dbghelp: loaded successfully - version: 4.0.5 - missing functions: none
symbol engine: initialized successfully - sym options: 0x614 - pdb path: .;C:\Program Files\Android\Android Studio\jbr\bin;C:\WINDOWS\SYSTEM32;C:\WINDOWS\WinSxS\amd64_microsoft.windows.common-controls_6595b64144ccf1df_6.0.22000.120_none_9d947278b86cc467;C:\Program Files\Android\Android Studio\jbr\bin\server;C:\Users\COMTEC\.gradle\native\1def1411415f61bf3af743bc5b6707747c0891f09f0c88961ee8f79bc544acac\windows-amd64;C:\Users\COMTEC\.gradle\native\0.2.7\x86_64-windows-gnu

VM Arguments:
jvm_args: --add-opens=java.base/java.lang=ALL-UNNAMED --add-opens=java.base/java.lang.invoke=ALL-UNNAMED --add-opens=java.base/java.util=ALL-UNNAMED --add-opens=java.prefs/java.util.prefs=ALL-UNNAMED --add-exports=jdk.compiler/com.sun.tools.javac.api=ALL-UNNAMED --add-exports=jdk.compiler/com.sun.tools.javac.util=ALL-UNNAMED --add-opens=java.base/java.util=ALL-UNNAMED --add-opens=java.prefs/java.util.prefs=ALL-UNNAMED --add-opens=java.base/java.nio.charset=ALL-UNNAMED --add-opens=java.base/java.net=ALL-UNNAMED --add-opens=java.base/java.util.concurrent.atomic=ALL-UNNAMED --add-opens=java.xml/javax.xml.namespace=ALL-UNNAMED -Xmx2048m -Dfile.encoding=UTF-8 -Duser.country=MX -Duser.language=es -Duser.variant -javaagent:C:\Users\COMTEC\.gradle\wrapper\dists\gradle-8.13-bin\5xuhj0ry160q40clulazy9h7d\gradle-8.13\lib\agents\gradle-instrumentation-agent-8.13.jar 
java_command: org.gradle.launcher.daemon.bootstrap.GradleDaemon 8.13
java_class_path (initial): C:\Users\COMTEC\.gradle\wrapper\dists\gradle-8.13-bin\5xuhj0ry160q40clulazy9h7d\gradle-8.13\lib\gradle-daemon-main-8.13.jar
Launcher Type: SUN_STANDARD

[Global flags]
     intx CICompilerCount                          = 3                                         {product} {ergonomic}
     uint ConcGCThreads                            = 1                                         {product} {ergonomic}
     uint G1ConcRefinementThreads                  = 4                                         {product} {ergonomic}
   size_t G1HeapRegionSize                         = 1048576                                   {product} {ergonomic}
    uintx GCDrainStackTargetSize                   = 64                                        {product} {ergonomic}
   size_t InitialHeapSize                          = 56623104                                  {product} {ergonomic}
   size_t MarkStackSize                            = 4194304                                   {product} {ergonomic}
   size_t MaxHeapSize                              = 2147483648                                {product} {command line}
   size_t MaxNewSize                               = 1287651328                                {product} {ergonomic}
   size_t MinHeapDeltaBytes                        = 1048576                                   {product} {ergonomic}
   size_t MinHeapSize                              = 8388608                                   {product} {ergonomic}
    uintx NonNMethodCodeHeapSize                   = 5832780                                {pd product} {ergonomic}
    uintx NonProfiledCodeHeapSize                  = 122912730                              {pd product} {ergonomic}
    uintx ProfiledCodeHeapSize                     = 122912730                              {pd product} {ergonomic}
    uintx ReservedCodeCacheSize                    = 251658240                              {pd product} {ergonomic}
     bool SegmentedCodeCache                       = true                                      {product} {ergonomic}
   size_t SoftMaxHeapSize                          = 2147483648                             {manageable} {ergonomic}
     bool UseCompressedOops                        = true                           {product lp64_product} {ergonomic}
     bool UseG1GC                                  = true                                      {product} {ergonomic}
     bool UseLargePagesIndividualAllocation        = false                                  {pd product} {ergonomic}

Logging:
Log output configuration:
 #0: stdout all=warning uptime,level,tags foldmultilines=false
 #1: stderr all=off uptime,level,tags foldmultilines=false

Environment Variables:
PATH=C:\app\COMTEC\dbhomeXE\bin;C:\Program Files\Common Files\Oracle\Java\javapath;C:\ProgramData\Oracle\Java\javapath;C:\WINDOWS\system32;C:\WINDOWS;C:\WINDOWS\System32\Wbem;C:\WINDOWS\System32\WindowsPowerShell\v1.0\;C:\WINDOWS\System32\OpenSSH\;C:\Program Files (x86)\dotnet\;C:\Program Files\IBM\SPSS\Statistics\25\JRE\bin;C:\Program Files\nodejs\;C:\Users\COMTEC\Desktop\Git\cmd;C:\apache-maven-3.9.9-bin\apache-maven-3.9.9\bin;;C:\Program Files\Go\bin;C:\Users\COMTEC\AppData\Local\Programs\Python\Python313\Scripts\;C:\Users\COMTEC\AppData\Local\Programs\Python\Python313\;C:\Users\COMTEC\AppData\Local\Programs\Python\Launcher\;C:\Users\COMTEC\AppData\Local\Microsoft\WindowsApps;C:\Users\COMTEC\Desktop\Microsoft VS Code\bin;C:\Users\COMTEC\AppData\Local\GitHubDesktop\bin;C:\Users\COMTEC\AppData\Roaming\npm;C:\Users\COMTEC\.bun\bin;C:\Users\COMTEC\go\bin
USERNAME=COMTEC
OS=Windows_NT
PROCESSOR_IDENTIFIER=AMD64 Family 23 Model 96 Stepping 1, AuthenticAMD
TMP=C:\Users\COMTEC\AppData\Local\Temp
TEMP=C:\Users\COMTEC\AppData\Local\Temp




Periodic native trim disabled

JNI global refs:
JNI global refs: 22, weak refs: 0

JNI global refs memory usage: 835, weak refs: 833

Process memory usage:
Resident Set Size: 117460K (3% of 3528372K total physical memory with 240120K free physical memory)

OOME stack traces (most recent first):
Classloader memory used:
Loader bootstrap                                                                       : 15907K
Loader org.gradle.internal.classloader.VisitableURLClassLoader                         : 8877K
Loader org.gradle.initialization.MixInLegacyTypesClassLoader                           : 589K
Loader jdk.internal.loader.ClassLoaders$AppClassLoader                                 : 235K
Loader jdk.internal.loader.ClassLoaders$PlatformClassLoader                            : 169K

Classes loaded by more than one classloader:
Class org.gradle.internal.classloader.FilteringClassLoader                            : loaded 2 times (x 103B)
Class org.gradle.internal.classloader.ClassLoaderHierarchy                            : loaded 2 times (x 68B)
Class org.gradle.api.internal.classpath.ManifestUtil                                  : loaded 2 times (x 69B)
Class org.gradle.internal.classloader.ClassLoaderVisitor                              : loaded 2 times (x 74B)
Class org.gradle.api.internal.classpath.EffectiveClassPath                            : loaded 2 times (x 88B)
Class org.gradle.api.internal.DefaultClassPathProvider                                : loaded 2 times (x 74B)
Class [Lorg.gradle.api.internal.ClassPathProvider;                                    : loaded 2 times (x 67B)
Class org.gradle.api.internal.ClassPathProvider                                       : loaded 2 times (x 68B)
Class org.gradle.internal.service.UnknownServiceException                             : loaded 2 times (x 81B)
Class org.gradle.internal.classpath.TransformedClassPath                              : loaded 2 times (x 94B)
Class org.gradle.internal.classloader.InstrumentingClassLoader                        : loaded 2 times (x 68B)
Class org.gradle.internal.service.ServiceLocator                                      : loaded 2 times (x 68B)
Class org.gradle.internal.InternalTransformer                                         : loaded 2 times (x 68B)
Class org.gradle.internal.classloader.ClasspathUtil$1                                 : loaded 2 times (x 74B)
Class org.gradle.api.internal.classpath.DefaultModuleRegistry$DefaultModule           : loaded 2 times (x 84B)
Class org.gradle.api.internal.classpath.Module                                        : loaded 2 times (x 68B)
Class org.gradle.api.internal.classpath.UnknownModuleException                        : loaded 2 times (x 80B)
Class org.gradle.api.internal.DefaultClassPathRegistry                                : loaded 2 times (x 74B)
Class org.gradle.api.internal.ClassPathRegistry                                       : loaded 2 times (x 68B)
Class org.gradle.internal.classpath.DefaultClassPath$ImmutableUniqueList              : loaded 2 times (x 197B)
Class org.gradle.internal.classpath.ClassPath                                         : loaded 2 times (x 68B)
Class org.gradle.api.UncheckedIOException                                             : loaded 2 times (x 80B)
Class org.gradle.internal.installation.GradleInstallation$1                           : loaded 2 times (x 73B)
Class org.gradle.api.internal.classpath.ModuleRegistry                                : loaded 2 times (x 68B)
Class org.gradle.api.internal.classpath.DefaultModuleRegistry                         : loaded 2 times (x 84B)
Class org.gradle.internal.service.ServiceLookupException                              : loaded 2 times (x 80B)
Class org.gradle.internal.classloader.ClassLoaderFactory                              : loaded 2 times (x 68B)
Class org.gradle.internal.service.CachingServiceLocator                               : loaded 2 times (x 80B)
Class org.gradle.internal.classloader.ClasspathUtil                                   : loaded 2 times (x 69B)
Class org.gradle.api.specs.Spec                                                       : loaded 2 times (x 68B)
Class org.gradle.internal.classloader.VisitableURLClassLoader$InstrumentingVisitableURLClassLoader: loaded 2 times (x 121B)
Class org.gradle.internal.classloader.VisitableURLClassLoader$Spec                    : loaded 2 times (x 72B)
Class org.gradle.internal.classpath.DefaultClassPath                                  : loaded 2 times (x 88B)
Class org.gradle.internal.classloader.ClassLoaderSpec                                 : loaded 2 times (x 69B)
Class org.gradle.internal.classloader.VisitableURLClassLoader                         : loaded 2 times (x 115B)
Class org.gradle.internal.Cast                                                        : loaded 2 times (x 69B)
Class org.gradle.api.Action                                                           : loaded 2 times (x 68B)
Class org.gradle.internal.classpath.DefaultClassPath$ImmutableUniqueList$Builder      : loaded 2 times (x 73B)
Class org.gradle.api.GradleException                                                  : loaded 2 times (x 80B)
Class org.gradle.internal.IoActions                                                   : loaded 2 times (x 69B)
Class org.gradle.internal.classloader.SystemClassLoaderSpec                           : loaded 2 times (x 69B)
Class org.gradle.api.internal.classpath.GlobalCacheRootsProvider                      : loaded 2 times (x 68B)
Class org.gradle.internal.installation.CurrentGradleInstallationLocator               : loaded 2 times (x 69B)
Class org.gradle.internal.service.DefaultServiceLocator                               : loaded 2 times (x 81B)
Class org.gradle.internal.installation.CurrentGradleInstallation                      : loaded 2 times (x 71B)
Class org.gradle.util.internal.GUtil                                                  : loaded 2 times (x 69B)
Class org.gradle.internal.installation.GradleInstallation                             : loaded 2 times (x 73B)

---------------  S Y S T E M  ---------------

OS:
 Windows 11 , 64 bit Build 22000 (10.0.22000.2538)
OS uptime: 10 days 4:09 hours
Hyper-V role detected

CPU: total 4 (initial active 4) (4 cores per cpu, 1 threads per core) family 23 model 96 stepping 1 microcode 0x0, cx8, cmov, fxsr, mmx, 3dnowpref, sse, sse2, sse3, ssse3, sse4a, sse4.1, sse4.2, popcnt, lzcnt, tsc, tscinvbit, avx, avx2, aes, clmul, bmi1, bmi2, adx, sha, fma, vzeroupper, clflush, clflushopt, hv, rdtscp, rdpid, f16c
Processor Information for the first 4 processors :
  Max Mhz: 2700, Current Mhz: 2700, Mhz Limit: 2700

Memory: 4k page, system-wide physical 3445M (235M free)
TotalPageFile size 14197M (AvailPageFile size 5M)
current process WorkingSet (physical memory assigned to process): 114M, peak: 116M
current process commit charge ("private bytes"): 188M, peak: 191M

vm_info: OpenJDK 64-Bit Server VM (21.0.7+-13880790-b1038.58) for windows-amd64 JRE (21.0.7+-13880790-b1038.58), built on 2025-08-04T20:56:21Z by "builder" with MS VC++ 16.10 / 16.11 (VS2019)

END.
